<?xml version="1.0" encoding="UTF-8"?>
<testsuite xmlns:xsi="http://www.w3.org/2001/XMLSchema-instance" xsi:noNamespaceSchemaLocation="https://maven.apache.org/surefire/maven-surefire-plugin/xsd/surefire-test-report-3.0.xsd" version="3.0" name="cucumber.Options.Testrunner" time="0.942" tests="2" errors="0" skipped="0" failures="0">
  <properties>
[...]
</properties>
  <testcase name="scenario description" classname="Feature is to test dependencies and its working" time="0.343">
    <system-out><![CDATA[url.com
test
test
Post
body
then
200
]]></system-out>
  </testcase>
  <testcase name="scenario description" classname="Feature is to test dependencies and its working" time="0.008">
    <system-out><![CDATA[url.com2
test2
test2
Post
body
then
100
]]></system-out>
  </testcase>
</testsuite>